2025-04-16 08:30:15 | USER=alice | ACTION=login | STATUS=SUCCESS
2025-04-16 08:32:10 | USER=bob | ACTION=login | STATUS=FAILED
2025-04-16 08:33:00 | USER=carol | ACTION=login | STATUS=FAILED
2025-04-16 08:34:00 | USER=alice | ACTION=upload | FILE=report.pdf | STATUS=SUCCESS
2025-04-16 08:35:00 | USER=bob | ACTION=login | STATUS=FAILED
2025-04-16 08:36:00 | USER=alice | ACTION=login | STATUS=SUCCESS
2025-04-16 08:37:00 | USER=carol | ACTION=upload | FILE=data.csv | STATUS=SUCCESS
2025-04-16 08:38:00 | USER=bob | ACTION=login | STATUS=FAILED
2025-04-16 08:39:00 | USER=alice | ACTION=upload | FILE=image.png | STATUS=SUCCESS
2025-04-16 08:40:00 | USER=bob | ACTION=login | STATUS=FAILED
2025-04-16 08:41:00 | USER=carol | ACTION=login | STATUS=FAILED
2025-04-16 08:42:00 | USER=alice | ACTION=login | STATUS=SUCCESS
2025-04-16 08:43:00 | USER=bob | ACTION=login | STATUS=FAILED
2025-04-16 08:44:00 | USER=carol | ACTION=login | STATUS=FAILED
2025-04-16 08:45:00 | USER=alice | ACTION=upload | FILE=doc.pdf | STATUS=SUCCESS
2025-04-16 08:46:00 | USER=bob | ACTION=login | STATUS=FAILED
2025-04-16 08:47:00 | USER=alice | ACTION=login | STATUS=SUCCESS
2025-04-16 08:48:00 | USER=carol | ACTION=upload | FILE=sheet.xlsx | STATUS=SUCCESS
2025-04-16 08:49:00 | USER=bob | ACTION=login | STATUS=FAILED
2025-04-16 08:50:00 | USER=alice | ACTION=login | STATUS=SUCCESS
2025-04-16 08:51:00 | USER=bob | ACTION=login | STATUS=FAILED
2025-04-16 08:52:00 | USER=carol | ACTION=login | STATUS=SUCCESS
2025-04-16 08:53:00 | USER=alice | ACTION=upload | FILE=final.pdf | STATUS=SUCCESS
2025-04-16 08:54:00 | USER=bob | ACTION=login | STATUS=FAILED
2025-04-16 08:55:00 | USER=carol | ACTION=login | STATUS=FAILED
